<?xml version="1.0" encoding="UTF-8"?>
<testng-results skipped="0" failed="0" ignored="0" total="2" passed="2">
  <reporter-output>
  </reporter-output>
  <suite name="OOPSConceptPOM" duration-ms="33997" started-at="2021-01-11T00:46:32 IST" finished-at="2021-01-11T00:47:06 IST">
    <groups>
    </groups>
    <test name="SIT with ff" duration-ms="13195" started-at="2021-01-11T00:46:32 IST" finished-at="2021-01-11T00:46:45 IST">
      <class name="com.MyTest.LoginTest">
        <test-method status="PASS" signature="setUP(java.lang.String)[pri:0, instance:com.MyTest.LoginTest@60dcc9fe]" name="setUP" is-config="true" duration-ms="11206" started-at="2021-01-11T00:46:32 IST" finished-at="2021-01-11T00:46:43 IST">
          <params>
            <param index="0">
              <value>
                <![CDATA[ff]]>
              </value>
            </param>
          </params>
          <reporter-output>
          </reporter-output>
        </test-method> <!-- setUP -->
        <test-method status="PASS" signature="loginTitle()[pri:0, instance:com.MyTest.LoginTest@60dcc9fe]" name="loginTitle" duration-ms="32" started-at="2021-01-11T00:46:43 IST" finished-at="2021-01-11T00:46:43 IST">
          <reporter-output>
          </reporter-output>
        </test-method> <!-- loginTitle -->
        <test-method status="PASS" signature="tearDown()[pri:0, instance:com.MyTest.LoginTest@60dcc9fe]" name="tearDown" is-config="true" duration-ms="1872" started-at="2021-01-11T00:46:43 IST" finished-at="2021-01-11T00:46:45 IST">
          <reporter-output>
          </reporter-output>
        </test-method> <!-- tearDown -->
      </class> <!-- com.MyTest.LoginTest -->
    </test> <!-- SIT with ff -->
    <test name="SIT with chrome" duration-ms="20766" started-at="2021-01-11T00:46:45 IST" finished-at="2021-01-11T00:47:06 IST">
      <class name="com.MyTest.LoginTest">
        <test-method status="PASS" signature="setUP(java.lang.String)[pri:0, instance:com.MyTest.LoginTest@6dbb137d]" name="setUP" is-config="true" duration-ms="19491" started-at="2021-01-11T00:46:45 IST" finished-at="2021-01-11T00:47:05 IST">
          <params>
            <param index="0">
              <value>
                <![CDATA[chrome]]>
              </value>
            </param>
          </params>
          <reporter-output>
          </reporter-output>
        </test-method> <!-- setUP -->
        <test-method status="PASS" signature="loginTitle()[pri:0, instance:com.MyTest.LoginTest@6dbb137d]" name="loginTitle" duration-ms="50" started-at="2021-01-11T00:47:05 IST" finished-at="2021-01-11T00:47:05 IST">
          <reporter-output>
          </reporter-output>
        </test-method> <!-- loginTitle -->
        <test-method status="PASS" signature="tearDown()[pri:0, instance:com.MyTest.LoginTest@6dbb137d]" name="tearDown" is-config="true" duration-ms="1219" started-at="2021-01-11T00:47:05 IST" finished-at="2021-01-11T00:47:06 IST">
          <reporter-output>
          </reporter-output>
        </test-method> <!-- tearDown -->
      </class> <!-- com.MyTest.LoginTest -->
    </test> <!-- SIT with chrome -->
  </suite> <!-- OOPSConceptPOM -->
</testng-results>
